# JRE version: OpenJDK Runtime Environment (19.0.2+7) (build 19.0.2+7-44)
# Java VM: OpenJDK 64-Bit Server VM (19.0.2+7-44, mixed mode, sharing, tiered, compressed oops, compressed class ptrs, g1 gc, bsd-amd64)
GC Precious Log:
 CardTable entry size: 512
 Card Set container configuration: InlinePtr #cards 4 size 8 Array Of Cards #cards 32 size 80 Howl #buckets 8 coarsen threshold 7372 Howl Bitmap #cards 1024 size 144 coarsen threshold 921 Card regions per heap region 1 cards per card region 8192
 CPUs: 12 total, 12 available
 Memory: 32768M
 Large Page Support: Disabled
 NUMA Support: Disabled
 Compressed Oops: Enabled (Zero based)
 Heap Region Size: 4M
 Heap Min Capacity: 8M
 Heap Initial Capacity: 512M
 Heap Max Capacity: 8G
 Pre-touch: Disabled
 Parallel Workers: 10
 Concurrent Workers: 3
 Concurrent Refinement Workers: 10
 Periodic GC: Disabled
Heap:
 garbage-first heap   total 98304K, used 55930K [0x0000000600000000, 0x0000000800000000)
  region size 4096K, 6 young (24576K), 1 survivors (4096K)
 Metaspace       used 44529K, committed 44864K, reserved 1114112K
  class space    used 5210K, committed 5376K, reserved 1048576K
GC Heap History (20 events):
Event: 1.150 GC heap before
{Heap before GC invocations=0 (full 0):
 garbage-first heap   total 532480K, used 28624K [0x0000000600000000, 0x0000000800000000)
  region size 4096K, 6 young (24576K), 0 survivors (0K)
 Metaspace       used 5426K, committed 5632K, reserved 1114112K
  class space    used 545K, committed 640K, reserved 1048576K
}
Event: 1.154 GC heap after
{Heap after GC invocations=1 (full 0):
 garbage-first heap   total 532480K, used 10912K [0x0000000600000000, 0x0000000800000000)
  region size 4096K, 1 young (4096K), 1 survivors (4096K)
 Metaspace       used 5426K, committed 5632K, reserved 1114112K
  class space    used 545K, committed 640K, reserved 1048576K
}
Event: 6.417 GC heap before
{Heap before GC invocations=1 (full 0):
 garbage-first heap   total 532480K, used 31392K [0x0000000600000000, 0x0000000800000000)
  region size 4096K, 6 young (24576K), 1 survivors (4096K)
 Metaspace       used 11080K, committed 11328K, reserved 1114112K
  class space    used 1209K, committed 1344K, reserved 1048576K
}
Event: 6.420 GC heap after
{Heap after GC invocations=2 (full 0):
 garbage-first heap   total 532480K, used 12803K [0x0000000600000000, 0x0000000800000000)
  region size 4096K, 1 young (4096K), 1 survivors (4096K)
 Metaspace       used 11080K, committed 11328K, reserved 1114112K
  class space    used 1209K, committed 1344K, reserved 1048576K
}
Event: 6.676 GC heap before
{Heap before GC invocations=2 (full 0):
 garbage-first heap   total 532480K, used 29187K [0x0000000600000000, 0x0000000800000000)
  region size 4096K, 7 young (28672K), 1 survivors (4096K)
 Metaspace       used 21286K, committed 21504K, reserved 1114112K
  class space    used 2469K, committed 2560K, reserved 1048576K
}
Event: 6.678 GC heap after
{Heap after GC invocations=3 (full 0):
 garbage-first heap   total 532480K, used 15367K [0x0000000600000000, 0x0000000800000000)
  region size 4096K, 2 young (8192K), 2 survivors (8192K)
 Metaspace       used 21286K, committed 21504K, reserved 1114112K
  class space    used 2469K, committed 2560K, reserved 1048576K
}
Event: 7.344 GC heap before
{Heap before GC invocations=4 (full 0):
 garbage-first heap   total 98304K, used 64519K [0x0000000600000000, 0x0000000800000000)
  region size 4096K, 14 young (57344K), 2 survivors (8192K)
 Metaspace       used 35538K, committed 35840K, reserved 1114112K
  class space    used 4209K, committed 4352K, reserved 1048576K
}
Event: 7.348 GC heap after
{Heap after GC invocations=5 (full 0):
 garbage-first heap   total 98304K, used 19731K [0x0000000600000000, 0x0000000800000000)
  region size 4096K, 2 young (8192K), 2 survivors (8192K)
 Metaspace       used 35538K, committed 35840K, reserved 1114112K
  class space    used 4209K, committed 4352K, reserved 1048576K
}
Event: 7.358 GC heap before
{Heap before GC invocations=5 (full 0):
 garbage-first heap   total 98304K, used 19731K [0x0000000600000000, 0x0000000800000000)
  region size 4096K, 3 young (12288K), 2 survivors (8192K)
 Metaspace       used 35809K, committed 36096K, reserved 1114112K
  class space    used 4250K, committed 4416K, reserved 1048576K
}
Event: 7.362 GC heap after
{Heap after GC invocations=6 (full 0):
 garbage-first heap   total 98304K, used 20380K [0x0000000600000000, 0x0000000800000000)
  region size 4096K, 1 young (4096K), 1 survivors (4096K)
 Metaspace       used 35809K, committed 36096K, reserved 1114112K
  class space    used 4250K, committed 4416K, reserved 1048576K
}
Event: 7.374 GC heap before
{Heap before GC invocations=6 (full 0):
 garbage-first heap   total 98304K, used 20380K [0x0000000600000000, 0x0000000800000000)
  region size 4096K, 2 young (8192K), 1 survivors (4096K)
 Metaspace       used 36161K, committed 36416K, reserved 1114112K
  class space    used 4284K, committed 4416K, reserved 1048576K
}
Event: 7.375 GC heap after
{Heap after GC invocations=7 (full 0):
 garbage-first heap   total 98304K, used 19734K [0x0000000600000000, 0x0000000800000000)
  region size 4096K, 1 young (4096K), 1 survivors (4096K)
 Metaspace       used 36161K, committed 36416K, reserved 1114112K
  class space    used 4284K, committed 4416K, reserved 1048576K
}
Event: 8.233 GC heap before
{Heap before GC invocations=8 (full 0):
 garbage-first heap   total 98304K, used 56598K [0x0000000600000000, 0x0000000800000000)
  region size 4096K, 12 young (49152K), 1 survivors (4096K)
 Metaspace       used 40806K, committed 41088K, reserved 1114112K
  class space    used 4860K, committed 4992K, reserved 1048576K
}
Event: 8.235 GC heap after
{Heap after GC invocations=9 (full 0):
 garbage-first heap   total 98304K, used 21478K [0x0000000600000000, 0x0000000800000000)
  region size 4096K, 1 young (4096K), 1 survivors (4096K)
 Metaspace       used 40806K, committed 41088K, reserved 1114112K
  class space    used 4860K, committed 4992K, reserved 1048576K
}
Event: 8.604 GC heap before
{Heap before GC invocations=9 (full 0):
 garbage-first heap   total 98304K, used 58342K [0x0000000600000000, 0x0000000800000000)
  region size 4096K, 11 young (45056K), 1 survivors (4096K)
 Metaspace       used 41776K, committed 42176K, reserved 1114112K
  class space    used 4913K, committed 5120K, reserved 1048576K
}
Event: 8.606 GC heap after
{Heap after GC invocations=10 (full 0):
 garbage-first heap   total 98304K, used 22034K [0x0000000600000000, 0x0000000800000000)
  region size 4096K, 1 young (4096K), 1 survivors (4096K)
 Metaspace       used 41776K, committed 42176K, reserved 1114112K
  class space    used 4913K, committed 5120K, reserved 1048576K
}
Event: 9.132 GC heap before
{Heap before GC invocations=10 (full 0):
 garbage-first heap   total 98304K, used 67090K [0x0000000600000000, 0x0000000800000000)
  region size 4096K, 12 young (49152K), 1 survivors (4096K)
 Metaspace       used 41912K, committed 42304K, reserved 1114112K
  class space    used 4913K, committed 5120K, reserved 1048576K
}
Event: 9.134 GC heap after
{Heap after GC invocations=11 (full 0):
 garbage-first heap   total 98304K, used 22049K [0x0000000600000000, 0x0000000800000000)
  region size 4096K, 1 young (4096K), 1 survivors (4096K)
 Metaspace       used 41912K, committed 42304K, reserved 1114112K
  class space    used 4913K, committed 5120K, reserved 1048576K
}
Event: 9.557 GC heap before
{Heap before GC invocations=11 (full 0):
 garbage-first heap   total 98304K, used 83489K [0x0000000600000000, 0x0000000800000000)
  region size 4096K, 12 young (49152K), 1 survivors (4096K)
 Metaspace       used 42713K, committed 43072K, reserved 1114112K
  class space    used 4954K, committed 5120K, reserved 1048576K
}
Event: 9.560 GC heap after
{Heap after GC invocations=12 (full 0):
 garbage-first heap   total 98304K, used 39546K [0x0000000600000000, 0x0000000800000000)
  region size 4096K, 1 young (4096K), 1 survivors (4096K)
 Metaspace       used 42713K, committed 43072K, reserved 1114112K
  class space    used 4954K, committed 5120K, reserved 1048576K
}

