# JRE version: OpenJDK Runtime Environment (19.0.2+7) (build 19.0.2+7-44)
# Java VM: OpenJDK 64-Bit Server VM (19.0.2+7-44, mixed mode, sharing, tiered, compressed oops, compressed class ptrs, g1 gc, bsd-amd64)
GC Precious Log:
 CardTable entry size: 512
 Card Set container configuration: InlinePtr #cards 4 size 8 Array Of Cards #cards 32 size 80 Howl #buckets 8 coarsen threshold 7372 Howl Bitmap #cards 1024 size 144 coarsen threshold 921 Card regions per heap region 1 cards per card region 8192
 CPUs: 12 total, 12 available
 Memory: 32768M
 Large Page Support: Disabled
 NUMA Support: Disabled
 Compressed Oops: Enabled (Zero based)
 Heap Region Size: 4M
 Heap Min Capacity: 8M
 Heap Initial Capacity: 512M
 Heap Max Capacity: 8G
 Pre-touch: Disabled
 Parallel Workers: 10
 Concurrent Workers: 3
 Concurrent Refinement Workers: 10
 Periodic GC: Disabled
Heap:
 garbage-first heap   total 81920K, used 57960K [0x0000000600000000, 0x0000000800000000)
  region size 4096K, 10 young (40960K), 1 survivors (4096K)
 Metaspace       used 43171K, committed 43584K, reserved 1114112K
  class space    used 5102K, committed 5312K, reserved 1048576K
GC Heap History (20 events):
Event: 6.679 GC heap before
{Heap before GC invocations=0 (full 0):
 garbage-first heap   total 532480K, used 28624K [0x0000000600000000, 0x0000000800000000)
  region size 4096K, 6 young (24576K), 0 survivors (0K)
 Metaspace       used 7376K, committed 7552K, reserved 1114112K
  class space    used 766K, committed 832K, reserved 1048576K
}
Event: 6.685 GC heap after
{Heap after GC invocations=1 (full 0):
 garbage-first heap   total 532480K, used 11562K [0x0000000600000000, 0x0000000800000000)
  region size 4096K, 1 young (4096K), 1 survivors (4096K)
 Metaspace       used 7376K, committed 7552K, reserved 1114112K
  class space    used 766K, committed 832K, reserved 1048576K
}
Event: 7.026 GC heap before
{Heap before GC invocations=1 (full 0):
 garbage-first heap   total 532480K, used 27946K [0x0000000600000000, 0x0000000800000000)
  region size 4096K, 6 young (24576K), 1 survivors (4096K)
 Metaspace       used 17824K, committed 18048K, reserved 1114112K
  class space    used 2105K, committed 2240K, reserved 1048576K
}
Event: 7.031 GC heap after
{Heap after GC invocations=2 (full 0):
 garbage-first heap   total 532480K, used 13402K [0x0000000600000000, 0x0000000800000000)
  region size 4096K, 1 young (4096K), 1 survivors (4096K)
 Metaspace       used 17824K, committed 18048K, reserved 1114112K
  class space    used 2105K, committed 2240K, reserved 1048576K
}
Event: 7.293 GC heap before
{Heap before GC invocations=2 (full 0):
 garbage-first heap   total 532480K, used 21594K [0x0000000600000000, 0x0000000800000000)
  region size 4096K, 4 young (16384K), 1 survivors (4096K)
 Metaspace       used 21274K, committed 21504K, reserved 1114112K
  class space    used 2519K, committed 2624K, reserved 1048576K
}
Event: 7.300 GC heap after
{Heap after GC invocations=3 (full 0):
 garbage-first heap   total 532480K, used 15462K [0x0000000600000000, 0x0000000800000000)
  region size 4096K, 1 young (4096K), 1 survivors (4096K)
 Metaspace       used 21274K, committed 21504K, reserved 1114112K
  class space    used 2519K, committed 2624K, reserved 1048576K
}
Event: 8.339 GC heap before
{Heap before GC invocations=4 (full 0):
 garbage-first heap   total 81920K, used 48230K [0x0000000600000000, 0x0000000800000000)
  region size 4096K, 11 young (45056K), 1 survivors (4096K)
 Metaspace       used 35616K, committed 35968K, reserved 1114112K
  class space    used 4270K, committed 4480K, reserved 1048576K
}
Event: 8.346 GC heap after
{Heap after GC invocations=5 (full 0):
 garbage-first heap   total 81920K, used 19699K [0x0000000600000000, 0x0000000800000000)
  region size 4096K, 2 young (8192K), 2 survivors (8192K)
 Metaspace       used 35616K, committed 35968K, reserved 1114112K
  class space    used 4270K, committed 4480K, reserved 1048576K
}
Event: 8.385 GC heap before
{Heap before GC invocations=5 (full 0):
 garbage-first heap   total 81920K, used 19699K [0x0000000600000000, 0x0000000800000000)
  region size 4096K, 3 young (12288K), 2 survivors (8192K)
 Metaspace       used 35979K, committed 36288K, reserved 1114112K
  class space    used 4318K, committed 4480K, reserved 1048576K
}
Event: 8.399 GC heap after
{Heap after GC invocations=6 (full 0):
 garbage-first heap   total 81920K, used 20478K [0x0000000600000000, 0x0000000800000000)
  region size 4096K, 1 young (4096K), 1 survivors (4096K)
 Metaspace       used 35979K, committed 36288K, reserved 1114112K
  class space    used 4318K, committed 4480K, reserved 1048576K
}
Event: 8.425 GC heap before
{Heap before GC invocations=6 (full 0):
 garbage-first heap   total 81920K, used 20478K [0x0000000600000000, 0x0000000800000000)
  region size 4096K, 2 young (8192K), 1 survivors (4096K)
 Metaspace       used 36277K, committed 36608K, reserved 1114112K
  class space    used 4361K, committed 4544K, reserved 1048576K
}
Event: 8.427 GC heap after
{Heap after GC invocations=7 (full 0):
 garbage-first heap   total 81920K, used 19695K [0x0000000600000000, 0x0000000800000000)
  region size 4096K, 1 young (4096K), 1 survivors (4096K)
 Metaspace       used 36277K, committed 36608K, reserved 1114112K
  class space    used 4361K, committed 4544K, reserved 1048576K
}
Event: 8.850 GC heap before
{Heap before GC invocations=8 (full 0):
 garbage-first heap   total 81920K, used 44271K [0x0000000600000000, 0x0000000800000000)
  region size 4096K, 8 young (32768K), 1 survivors (4096K)
 Metaspace       used 38282K, committed 38656K, reserved 1114112K
  class space    used 4533K, committed 4736K, reserved 1048576K
}
Event: 8.851 GC heap after
{Heap after GC invocations=9 (full 0):
 garbage-first heap   total 81920K, used 20303K [0x0000000600000000, 0x0000000800000000)
  region size 4096K, 1 young (4096K), 1 survivors (4096K)
 Metaspace       used 38282K, committed 38656K, reserved 1114112K
  class space    used 4533K, committed 4736K, reserved 1048576K
}
Event: 9.188 GC heap before
{Heap before GC invocations=9 (full 0):
 garbage-first heap   total 81920K, used 48975K [0x0000000600000000, 0x0000000800000000)
  region size 4096K, 9 young (36864K), 1 survivors (4096K)
 Metaspace       used 40258K, committed 40640K, reserved 1114112K
  class space    used 4818K, committed 4992K, reserved 1048576K
}
Event: 9.190 GC heap after
{Heap after GC invocations=10 (full 0):
 garbage-first heap   total 81920K, used 20945K [0x0000000600000000, 0x0000000800000000)
  region size 4096K, 1 young (4096K), 1 survivors (4096K)
 Metaspace       used 40258K, committed 40640K, reserved 1114112K
  class space    used 4818K, committed 4992K, reserved 1048576K
}
Event: 9.460 GC heap before
{Heap before GC invocations=10 (full 0):
 garbage-first heap   total 81920K, used 53713K [0x0000000600000000, 0x0000000800000000)
  region size 4096K, 9 young (36864K), 1 survivors (4096K)
 Metaspace       used 40562K, committed 40960K, reserved 1114112K
  class space    used 4820K, committed 4992K, reserved 1048576K
}
Event: 9.462 GC heap after
{Heap after GC invocations=11 (full 0):
 garbage-first heap   total 81920K, used 20991K [0x0000000600000000, 0x0000000800000000)
  region size 4096K, 1 young (4096K), 1 survivors (4096K)
 Metaspace       used 40562K, committed 40960K, reserved 1114112K
  class space    used 4820K, committed 4992K, reserved 1048576K
}
Event: 10.027 GC heap before
{Heap before GC invocations=11 (full 0):
 garbage-first heap   total 81920K, used 57855K [0x0000000600000000, 0x0000000800000000)
  region size 4096K, 10 young (40960K), 1 survivors (4096K)
 Metaspace       used 41079K, committed 41472K, reserved 1114112K
  class space    used 4827K, committed 4992K, reserved 1048576K
}
Event: 10.030 GC heap after
{Heap after GC invocations=12 (full 0):
 garbage-first heap   total 81920K, used 21096K [0x0000000600000000, 0x0000000800000000)
  region size 4096K, 1 young (4096K), 1 survivors (4096K)
 Metaspace       used 41079K, committed 41472K, reserved 1114112K
  class space    used 4827K, committed 4992K, reserved 1048576K
}

